<?xml version="1.0" encoding="UTF-8"?>
<!-- Generated by org.testng.reporters.JUnitReportReporter -->
<testsuite hostname="DESKTOP-PH3A7DM" failures="0" tests="4" name="com.crm.qa.testcases.ContactTest" time="112.668" errors="0" timestamp="2021-12-07T21:44:44 IST" skipped="0">
  <testcase classname="com.crm.qa.testcases.ContactTest" name="contactLableverify" time="26.064"/>
  <system-out/>
  <testcase classname="com.crm.qa.testcases.ContactTest" name="createContatc" time="31.942"/>
  <system-out/>
  <testcase classname="com.crm.qa.testcases.ContactTest" name="createContatc" time="27.075"/>
  <system-out/>
  <testcase classname="com.crm.qa.testcases.ContactTest" name="createContatc" time="27.587"/>
  <system-out/>
</testsuite> <!-- com.crm.qa.testcases.ContactTest -->
