<?xml version="1.0" encoding="UTF-8"?>
<!-- Generated by org.testng.reporters.JUnitReportReporter -->
<testsuite hostname="DESKTOP-PH3A7DM" failures="0" tests="2" name="com.crm.qa.testcases.LoginPageTest" time="36.689" errors="0" timestamp="2021-12-07T21:44:44 IST" skipped="0">
  <testcase classname="com.crm.qa.testcases.LoginPageTest" name="validatePageTitle" time="15.486"/>
  <system-out/>
  <testcase classname="com.crm.qa.testcases.LoginPageTest" name="loginTest" time="21.203"/>
  <system-out/>
</testsuite> <!-- com.crm.qa.testcases.LoginPageTest -->
