<?xml version="1.0" encoding="UTF-8"?>
<!-- Generated by org.testng.reporters.JUnitReportReporter -->
<testsuite hostname="DESKTOP-PH3A7DM" failures="0" tests="4" name="com.crm.qa.testcases.ContactTest" time="100.893" errors="0" timestamp="2021-12-08T22:24:18 IST" skipped="0">
  <testcase classname="com.crm.qa.testcases.ContactTest" name="contactLableverify" time="20.819"/>
  <system-out/>
  <testcase classname="com.crm.qa.testcases.ContactTest" name="createContatc" time="24.056"/>
  <system-out/>
  <testcase classname="com.crm.qa.testcases.ContactTest" name="createContatc" time="25.830"/>
  <system-out/>
  <testcase classname="com.crm.qa.testcases.ContactTest" name="createContatc" time="30.188"/>
  <system-out/>
</testsuite> <!-- com.crm.qa.testcases.ContactTest -->
